2022.09.19 20:16:11 INFO  tracing is disabled for protocol LSP, to enable tracing of incoming and outgoing JSON messages create an empty file at c:\Users\User\Desktop\Assignment\2204\Tutorial08\.metals\lsp.trace.json or C:\Users\User\AppData\Local\scalameta\metals\cache\lsp.trace.json
2022.09.19 20:16:12 INFO  logging to file C:\Users\User\Desktop\Assignment\2204\Tutorial08\.metals\metals.log
2022.09.19 20:16:12 INFO  Started: Metals version 0.11.8 in workspace 'C:\Users\User\Desktop\Assignment\2204\Tutorial08' for client Visual Studio Code 1.71.0.
2022.09.19 20:16:13 WARN  Flyway upgrade recommended: H2 2.1.214 is newer than this version of Flyway and support has not been tested. The latest supported version of H2 is 2.1.210.
2022.09.19 20:16:13 INFO  time: initialize in 1.88s
2022.09.19 20:16:14 WARN  Build server is not auto-connectable.
2022.09.19 20:16:14 WARN  no build tool detected in workspace 'C:\Users\User\Desktop\Assignment\2204\Tutorial08'. The most common cause for this problem is that the editor was opened in the wrong working directory, for example if you use sbt then the workspace directory should contain build.sbt. 
2022.09.19 20:16:14 WARN  no build target for: C:\Users\User\Desktop\Assignment\2204\Tutorial08\Q1.scala
2022.09.19 20:16:22 WARN  no build target for: C:\Users\User\Desktop\q1.scala
Sep 19, 2022 8:16:23 PM org.eclipse.lsp4j.jsonrpc.RemoteEndpoint fallbackResponseError
SEVERE: Internal error: java.lang.ArrayIndexOutOfBoundsException: 878
java.util.concurrent.CompletionException: java.lang.ArrayIndexOutOfBoundsException: 878
	at java.util.concurrent.CompletableFuture.encodeThrowable(CompletableFuture.java:292)
	at java.util.concurrent.CompletableFuture.completeThrowable(CompletableFuture.java:308)
	at java.util.concurrent.CompletableFuture.uniAccept(CompletableFuture.java:647)
	at java.util.concurrent.CompletableFuture$UniAccept.tryFire(CompletableFuture.java:632)
	at java.util.concurrent.CompletableFuture.postComplete(CompletableFuture.java:474)
	at java.util.concurrent.CompletableFuture.completeExceptionally(CompletableFuture.java:1977)
	at scala.meta.internal.metals.CancelTokens$.$anonfun$future$1(CancelTokens.scala:40)
	at scala.meta.internal.metals.CancelTokens$.$anonfun$future$1$adapted(CancelTokens.scala:38)
	at scala.concurrent.impl.Promise$Transformation.run(Promise.scala:484)
	at java.util.concurrent.ThreadPoolExecutor.runWorker(ThreadPoolExecutor.java:1149)
	at java.util.concurrent.ThreadPoolExecutor$Worker.run(ThreadPoolExecutor.java:624)
	at java.lang.Thread.run(Thread.java:748)
Caused by: java.lang.ArrayIndexOutOfBoundsException: 878
	at scala.meta.internal.parsing.FoldingRangeExtractor$Foldable$.isScala3BlockWithoutOptionalBraces(FoldingRangeExtractor.scala:248)
	at scala.meta.internal.parsing.FoldingRangeExtractor$Foldable$.unapply(FoldingRangeExtractor.scala:199)
	at scala.meta.internal.parsing.FoldingRangeExtractor.extractFrom(FoldingRangeExtractor.scala:36)
	at scala.meta.internal.parsing.FoldingRangeExtractor.$anonfun$extractFrom$2(FoldingRangeExtractor.scala:56)
	at scala.meta.internal.parsing.FoldingRangeExtractor.$anonfun$extractFrom$2$adapted(FoldingRangeExtractor.scala:51)
	at scala.collection.immutable.List.foreach(List.scala:333)
	at scala.meta.internal.parsing.FoldingRangeExtractor.extractFrom(FoldingRangeExtractor.scala:51)
	at scala.meta.internal.parsing.FoldingRangeExtractor.$anonfun$extractFrom$2(FoldingRangeExtractor.scala:56)
	at scala.meta.internal.parsing.FoldingRangeExtractor.$anonfun$extractFrom$2$adapted(FoldingRangeExtractor.scala:51)
	at scala.collection.immutable.List.foreach(List.scala:333)
	at scala.meta.internal.parsing.FoldingRangeExtractor.extractFrom(FoldingRangeExtractor.scala:51)
	at scala.meta.internal.parsing.FoldingRangeExtractor.extract(FoldingRangeExtractor.scala:29)
	at scala.meta.internal.parsing.FoldingRangeProvider.$anonfun$getRangedForScala$3(FoldingRangeProvider.scala:40)
	at scala.Option.map(Option.scala:242)
	at scala.meta.internal.parsing.FoldingRangeProvider.$anonfun$getRangedForScala$2(FoldingRangeProvider.scala:33)
	at scala.Option$WithFilter.flatMap(Option.scala:283)
	at scala.meta.internal.parsing.FoldingRangeProvider.getRangedForScala(FoldingRangeProvider.scala:31)
	at scala.meta.internal.metals.MetalsLanguageServer.$anonfun$foldingRange$2(MetalsLanguageServer.scala:1705)
	at scala.concurrent.impl.Promise$Transformation.run(Promise.scala:467)
	... 3 more

2022.09.19 20:16:30 INFO  no build target found for C:\Users\User\Desktop\Assignment\2204\Tutorial08\Q1.scala. Using presentation compiler with project's scala-library version: 3.1.3
2022.09.19 20:16:31 INFO  time: code lens generation in 17s
2022.09.19 20:16:32 INFO  time: code lens generation in 9.31s
